<?xml version="1.0" encoding="UTF-8"?>
<!-- Generated by org.testng.reporters.JUnitReportReporter -->
<testsuite hostname="LAPTOP-4OQVMD0U" failures="0" tests="1" name="com.tripadvisor.qa.base.LoginApplication" time="50.672" errors="0" timestamp="22 Feb 2021 19:59:16 GMT" skipped="0">
  <testcase classname="com.tripadvisor.qa.base.LoginApplication" name="application" time="50.672"/>
</testsuite> <!-- com.tripadvisor.qa.base.LoginApplication -->
